<?xml version="1.0" encoding="UTF-8"?>
<testsuite xmlns:xsi="http://www.w3.org/2001/XMLSchema-instance" xsi:noNamespaceSchemaLocation="https://maven.apache.org/surefire/maven-surefire-plugin/xsd/surefire-test-report.xsd" version="3.0.2" name="TestSuite" time="28.991" tests="4" errors="0" skipped="0" failures="0">
  <properties>
[...]
</properties>
  <testcase name="testLoginFuncionality" classname="com.practicetestautomation.tests.login.LoginTests" time="2.783">
    <system-out><![CDATA[Running test in chrome
]]></system-out>
    <system-err><![CDATA[SLF4J(W): No SLF4J providers were found.
SLF4J(W): Defaulting to no-operation (NOP) logger implementation
SLF4J(W): See https://www.slf4j.org/codes.html#noProviders for further details.
]]></system-err>
  </testcase>
  <testcase name="testLoginFuncionality" classname="com.practicetestautomation.tests.login.LoginTests" time="3.035">
    <system-out><![CDATA[Running test in firefox
]]></system-out>
  </testcase>
  <testcase name="negativeLoginTest[incorrectUser, Password123, Your username is invalid!](1)" classname="com.practicetestautomation.tests.login.LoginTests" time="1.613">
    <system-out><![CDATA[Running test in firefox
]]></system-out>
  </testcase>
  <testcase name="negativeLoginTest[student, incorrectPassword, Your password is invalid!](1)" classname="com.practicetestautomation.tests.login.LoginTests" time="1.558">
    <system-out><![CDATA[Running test in firefox
]]></system-out>
  </testcase>
</testsuite>