<?xml version="1.0" encoding="UTF-8"?>
<testng-results ignored="4" total="8" passed="4" failed="0" skipped="0">
  <reporter-output>
  </reporter-output>
  <suite started-at="2025-05-21T07:18:36 EST" name="FullRegressionSuite" finished-at="2025-05-21T07:19:05 EST" duration-ms="28439">
    <groups>
      <group name="negative">
        <method signature="LoginTests.negativeLoginTest(java.lang.String,java.lang.String,java.lang.String)[pri:0, instance:com.practicetestautomation.tests.login.LoginTests@6cf0e0ba]" name="negativeLoginTest" class="com.practicetestautomation.tests.login.LoginTests"/>
        <method signature="LoginTests.negativeLoginTest(java.lang.String,java.lang.String,java.lang.String)[pri:0, instance:com.practicetestautomation.tests.login.LoginTests@42a48628]" name="negativeLoginTest" class="com.practicetestautomation.tests.login.LoginTests"/>
      </group> <!-- negative -->
      <group name="regression">
        <method signature="LoginTests.testLoginFuncionality()[pri:0, instance:com.practicetestautomation.tests.login.LoginTests@43195e57]" name="testLoginFuncionality" class="com.practicetestautomation.tests.login.LoginTests"/>
        <method signature="LoginTests.testLoginFuncionality()[pri:0, instance:com.practicetestautomation.tests.login.LoginTests@55183b20]" name="testLoginFuncionality" class="com.practicetestautomation.tests.login.LoginTests"/>
        <method signature="LoginTests.negativeLoginTest(java.lang.String,java.lang.String,java.lang.String)[pri:0, instance:com.practicetestautomation.tests.login.LoginTests@6cf0e0ba]" name="negativeLoginTest" class="com.practicetestautomation.tests.login.LoginTests"/>
        <method signature="LoginTests.negativeLoginTest(java.lang.String,java.lang.String,java.lang.String)[pri:0, instance:com.practicetestautomation.tests.login.LoginTests@42a48628]" name="negativeLoginTest" class="com.practicetestautomation.tests.login.LoginTests"/>
      </group> <!-- regression -->
      <group name="smoke">
        <method signature="LoginTests.testLoginFuncionality()[pri:0, instance:com.practicetestautomation.tests.login.LoginTests@43195e57]" name="testLoginFuncionality" class="com.practicetestautomation.tests.login.LoginTests"/>
        <method signature="LoginTests.testLoginFuncionality()[pri:0, instance:com.practicetestautomation.tests.login.LoginTests@55183b20]" name="testLoginFuncionality" class="com.practicetestautomation.tests.login.LoginTests"/>
      </group> <!-- smoke -->
      <group name="positive">
        <method signature="LoginTests.testLoginFuncionality()[pri:0, instance:com.practicetestautomation.tests.login.LoginTests@43195e57]" name="testLoginFuncionality" class="com.practicetestautomation.tests.login.LoginTests"/>
        <method signature="LoginTests.testLoginFuncionality()[pri:0, instance:com.practicetestautomation.tests.login.LoginTests@55183b20]" name="testLoginFuncionality" class="com.practicetestautomation.tests.login.LoginTests"/>
      </group> <!-- positive -->
    </groups>
    <test started-at="2025-05-21T07:18:36 EST" name="Positive Login Tests in Chrome" finished-at="2025-05-21T07:18:42 EST" duration-ms="5734">
      <class name="com.practicetestautomation.tests.login.LoginTests">
        <test-method is-config="true" signature="setUp(java.lang.String)[pri:0, instance:com.practicetestautomation.tests.login.LoginTests@43195e57]" started-at="2025-05-21T07:18:36 EST" name="setUp" finished-at="2025-05-21T07:18:39 EST" duration-ms="2755" status="PASS">
          <params>
            <param index="0">
              <value>
                <![CDATA[chrome]]>
              </value>
            </param>
          </params>
          <reporter-output>
          </reporter-output>
        </test-method> <!-- setUp -->
        <test-method signature="testLoginFuncionality()[pri:0, instance:com.practicetestautomation.tests.login.LoginTests@43195e57]" started-at="2025-05-21T07:18:39 EST" name="testLoginFuncionality" finished-at="2025-05-21T07:18:42 EST" duration-ms="2781" status="PASS">
          <reporter-output>
          </reporter-output>
        </test-method> <!-- testLoginFuncionality -->
        <test-method is-config="true" signature="tearDown()[pri:0, instance:com.practicetestautomation.tests.login.LoginTests@43195e57]" started-at="2025-05-21T07:18:42 EST" name="tearDown" finished-at="2025-05-21T07:18:42 EST" duration-ms="144" status="PASS">
          <reporter-output>
          </reporter-output>
        </test-method> <!-- tearDown -->
      </class> <!-- com.practicetestautomation.tests.login.LoginTests -->
    </test> <!-- Positive Login Tests in Chrome -->
    <test started-at="2025-05-21T07:18:42 EST" name="Positive Login Tests in Firefox" finished-at="2025-05-21T07:18:51 EST" duration-ms="8813">
      <class name="com.practicetestautomation.tests.login.LoginTests">
        <test-method is-config="true" signature="setUp(java.lang.String)[pri:0, instance:com.practicetestautomation.tests.login.LoginTests@55183b20]" started-at="2025-05-21T07:18:42 EST" name="setUp" finished-at="2025-05-21T07:18:47 EST" duration-ms="4992" status="PASS">
          <params>
            <param index="0">
              <value>
                <![CDATA[firefox]]>
              </value>
            </param>
          </params>
          <reporter-output>
          </reporter-output>
        </test-method> <!-- setUp -->
        <test-method signature="testLoginFuncionality()[pri:0, instance:com.practicetestautomation.tests.login.LoginTests@55183b20]" started-at="2025-05-21T07:18:47 EST" name="testLoginFuncionality" finished-at="2025-05-21T07:18:50 EST" duration-ms="3033" status="PASS">
          <reporter-output>
          </reporter-output>
        </test-method> <!-- testLoginFuncionality -->
        <test-method is-config="true" signature="tearDown()[pri:0, instance:com.practicetestautomation.tests.login.LoginTests@55183b20]" started-at="2025-05-21T07:18:50 EST" name="tearDown" finished-at="2025-05-21T07:18:51 EST" duration-ms="785" status="PASS">
          <reporter-output>
          </reporter-output>
        </test-method> <!-- tearDown -->
      </class> <!-- com.practicetestautomation.tests.login.LoginTests -->
    </test> <!-- Positive Login Tests in Firefox -->
    <test started-at="2025-05-21T07:18:51 EST" name="Incorrect Username Test" finished-at="2025-05-21T07:18:58 EST" duration-ms="6994">
      <class name="com.practicetestautomation.tests.login.LoginTests">
        <test-method is-config="true" signature="setUp(java.lang.String)[pri:0, instance:com.practicetestautomation.tests.login.LoginTests@6cf0e0ba]" started-at="2025-05-21T07:18:51 EST" name="setUp" finished-at="2025-05-21T07:18:55 EST" duration-ms="4631" status="PASS">
          <params>
            <param index="0">
              <value>
                <![CDATA[firefox]]>
              </value>
            </param>
          </params>
          <reporter-output>
          </reporter-output>
        </test-method> <!-- setUp -->
        <test-method signature="negativeLoginTest(java.lang.String,java.lang.String,java.lang.String)[pri:0, instance:com.practicetestautomation.tests.login.LoginTests@6cf0e0ba]" started-at="2025-05-21T07:18:55 EST" name="negativeLoginTest" finished-at="2025-05-21T07:18:57 EST" duration-ms="1613" status="PASS">
          <params>
            <param index="0">
              <value>
                <![CDATA[incorrectUser]]>
              </value>
            </param>
            <param index="1">
              <value>
                <![CDATA[Password123]]>
              </value>
            </param>
            <param index="2">
              <value>
                <![CDATA[Your username is invalid!]]>
              </value>
            </param>
          </params>
          <reporter-output>
          </reporter-output>
        </test-method> <!-- negativeLoginTest -->
        <test-method is-config="true" signature="tearDown()[pri:0, instance:com.practicetestautomation.tests.login.LoginTests@6cf0e0ba]" started-at="2025-05-21T07:18:57 EST" name="tearDown" finished-at="2025-05-21T07:18:58 EST" duration-ms="749" status="PASS">
          <reporter-output>
          </reporter-output>
        </test-method> <!-- tearDown -->
      </class> <!-- com.practicetestautomation.tests.login.LoginTests -->
    </test> <!-- Incorrect Username Test -->
    <test started-at="2025-05-21T07:18:58 EST" name="Incorrect Password Test" finished-at="2025-05-21T07:19:05 EST" duration-ms="6857">
      <class name="com.practicetestautomation.tests.login.LoginTests">
        <test-method is-config="true" signature="setUp(java.lang.String)[pri:0, instance:com.practicetestautomation.tests.login.LoginTests@42a48628]" started-at="2025-05-21T07:18:58 EST" name="setUp" finished-at="2025-05-21T07:19:02 EST" duration-ms="4542" status="PASS">
          <params>
            <param index="0">
              <value>
                <![CDATA[firefox]]>
              </value>
            </param>
          </params>
          <reporter-output>
          </reporter-output>
        </test-method> <!-- setUp -->
        <test-method signature="negativeLoginTest(java.lang.String,java.lang.String,java.lang.String)[pri:0, instance:com.practicetestautomation.tests.login.LoginTests@42a48628]" started-at="2025-05-21T07:19:02 EST" name="negativeLoginTest" finished-at="2025-05-21T07:19:04 EST" duration-ms="1558" status="PASS">
          <params>
            <param index="0">
              <value>
                <![CDATA[student]]>
              </value>
            </param>
            <param index="1">
              <value>
                <![CDATA[incorrectPassword]]>
              </value>
            </param>
            <param index="2">
              <value>
                <![CDATA[Your password is invalid!]]>
              </value>
            </param>
          </params>
          <reporter-output>
          </reporter-output>
        </test-method> <!-- negativeLoginTest -->
        <test-method is-config="true" signature="tearDown()[pri:0, instance:com.practicetestautomation.tests.login.LoginTests@42a48628]" started-at="2025-05-21T07:19:04 EST" name="tearDown" finished-at="2025-05-21T07:19:05 EST" duration-ms="750" status="PASS">
          <reporter-output>
          </reporter-output>
        </test-method> <!-- tearDown -->
      </class> <!-- com.practicetestautomation.tests.login.LoginTests -->
    </test> <!-- Incorrect Password Test -->
  </suite> <!-- FullRegressionSuite -->
</testng-results>
