<?xml version="1.0" encoding="UTF-8"?>
<!-- Generated by org.testng.reporters.JUnitXMLReporter -->
<testsuite ignored="1" hostname="DESKTOP-FAP3MIT" failures="0" tests="1" name="Incorrect Username Test" time="6.994" errors="0" timestamp="2025-05-21T07:18:58 EST">
  <testcase classname="com.practicetestautomation.tests.login.LoginTests" name="negativeLoginTest" time="1.613"/>
  <testcase classname="com.practicetestautomation.tests.login.LoginTests" name="testLoginFuncionality" time="0.0">
    <ignored/>
  </testcase> <!-- testLoginFuncionality -->
</testsuite> <!-- Incorrect Username Test -->
