<?xml version="1.0" encoding="UTF-8"?>
<!-- Generated by org.testng.reporters.JUnitXMLReporter -->
<testsuite ignored="1" hostname="DESKTOP-FAP3MIT" failures="0" tests="1" name="Incorrect Password Test" time="6.857" errors="0" timestamp="2025-05-21T07:19:05 EST">
  <testcase classname="com.practicetestautomation.tests.login.LoginTests" name="negativeLoginTest" time="1.558"/>
  <testcase classname="com.practicetestautomation.tests.login.LoginTests" name="testLoginFuncionality" time="0.0">
    <ignored/>
  </testcase> <!-- testLoginFuncionality -->
</testsuite> <!-- Incorrect Password Test -->
