<?xml version="1.0" encoding="UTF-8"?>
<!-- Generated by org.testng.reporters.JUnitXMLReporter -->
<testsuite ignored="1" hostname="DESKTOP-FAP3MIT" failures="0" tests="1" name="Positive Login Tests in Firefox" time="8.813" errors="0" timestamp="2025-05-21T07:18:51 EST">
  <testcase classname="com.practicetestautomation.tests.login.LoginTests" name="testLoginFuncionality" time="3.033"/>
  <testcase classname="com.practicetestautomation.tests.login.LoginTests" name="negativeLoginTest" time="0.0">
    <ignored/>
  </testcase> <!-- negativeLoginTest -->
</testsuite> <!-- Positive Login Tests in Firefox -->
